Placeholder for a log file
**************************************************************************
ZEFFIRO Interface 5.11 Log file: 15-Sep-2022 13:29:31
**************************************************************************
Path: /Users/pursiain/Documents/MATLAB/zef_firo/zeffiro_logger
**************************************************************************
**************************************************************************
ZEFFIRO Interface 5.11 Log file: 15-Sep-2022 13:29:34
**************************************************************************
Path: /Users/pursiain/Documents/MATLAB/zef_firo/zeffiro_logger
**************************************************************************
Task ID; 1; Progress; 0; Message; Loading fields.; Workspace size; 2; Task time; 0; CPU usage; 112; Total time; 738779.5622;
Task ID; 22; Progress; 22; Message; Loading fields: 315 / 1441.; Workspace size; 3; Task time; 5; CPU usage; 113; Total time; 738779.5622;
Task ID; 42; Progress; 43; Message; Loading fields: 615 / 1441.; Workspace size; 3; Task time; 10; CPU usage; 107; Total time; 738779.5622;
Task ID; 63; Progress; 65; Message; Loading fields: 930 / 1441.; Workspace size; 4; Task time; 15; CPU usage; 109; Total time; 738779.5622;
Task ID; 83; Progress; 85; Message; Loading fields: 1230 / 1441.; Workspace size; 99; Task time; 21; CPU usage; 106; Total time; 738779.5622;
**************************************************************************
ZEFFIRO Interface 5.11 Log file: 15-Sep-2022 13:34:24
**************************************************************************
Path: /Users/pursiain/Documents/MATLAB/zef_firo/zeffiro_logger
**************************************************************************
**************************************************************************
ZEFFIRO Interface 5.11 Log file: 15-Sep-2022 13:34:27
**************************************************************************
Path: /Users/pursiain/Documents/MATLAB/zef_firo/zeffiro_logger
**************************************************************************
Task ID; 1; Progress; 0; Message; Loading fields.; Workspace size; 2; Task time; 0; CPU usage; 179; Total time; 738779.5656;
Task ID; 25; Progress; 25; Message; Loading fields: 360 / 1441.; Workspace size; 3; Task time; 5; CPU usage; 121; Total time; 738779.5656;
Task ID; 49; Progress; 50; Message; Loading fields: 720 / 1441.; Workspace size; 3; Task time; 10; CPU usage; 106; Total time; 738779.5656;
Task ID; 72; Progress; 74; Message; Loading fields: 1065 / 1441.; Workspace size; 4; Task time; 16; CPU usage; 115; Total time; 738779.5656;
Task ID; 94; Progress; 97; Message; Loading fields: 1395 / 1441.; Workspace size; 101; Task time; 21; CPU usage; 111; Total time; 738779.5656;
**************************************************************************
ZEFFIRO Interface 5.11 Log file: 15-Sep-2022 13:35:29
**************************************************************************
Path: /Users/pursiain/Documents/MATLAB/zef_firo/zeffiro_logger
**************************************************************************
**************************************************************************
ZEFFIRO Interface 5.11 Log file: 15-Sep-2022 13:35:31
**************************************************************************
Path: /Users/pursiain/Documents/MATLAB/zef_firo/zeffiro_logger
**************************************************************************
Task ID; 1; Progress; 0; Message; Loading fields.; Workspace size; 2; Task time; 0; CPU usage; 86; Total time; 738779.5663;
Task ID; 23; Progress; 23; Message; Loading fields: 330 / 1441.; Workspace size; 3; Task time; 5; CPU usage; 149; Total time; 738779.5663;
Task ID; 47; Progress; 48; Message; Loading fields: 690 / 1441.; Workspace size; 3; Task time; 10; CPU usage; 103; Total time; 738779.5663;
Task ID; 71; Progress; 73; Message; Loading fields: 1050 / 1441.; Workspace size; 4; Task time; 15; CPU usage; 103; Total time; 738779.5663;
Task ID; 93; Progress; 96; Message; Loading fields: 1380 / 1441.; Workspace size; 101; Task time; 20; CPU usage; 103; Total time; 738779.5663;
**************************************************************************
ZEFFIRO Interface 5.11 Log file: 15-Sep-2022 13:37:13
**************************************************************************
Path: /Users/pursiain/Documents/MATLAB/zef_firo/zeffiro_logger
**************************************************************************
**************************************************************************
ZEFFIRO Interface 5.11 Log file: 15-Sep-2022 13:37:16
**************************************************************************
Path: /Users/pursiain/Documents/MATLAB/zef_firo/zeffiro_logger
**************************************************************************
Task ID; 1; Progress; 0; Message; Loading fields.; Workspace size; 2; Task time; 0; CPU usage; 206; Total time; 738779.5675;
Task ID; 25; Progress; 25; Message; Loading fields: 360 / 1441.; Workspace size; 3; Task time; 5; CPU usage; 105; Total time; 738779.5675;
Task ID; 49; Progress; 50; Message; Loading fields: 720 / 1441.; Workspace size; 3; Task time; 10; CPU usage; 103; Total time; 738779.5675;
Task ID; 72; Progress; 74; Message; Loading fields: 1065 / 1441.; Workspace size; 4; Task time; 15; CPU usage; 111; Total time; 738779.5675;
Task ID; 93; Progress; 96; Message; Loading fields: 1380 / 1441.; Workspace size; 101; Task time; 20; CPU usage; 104; Total time; 738779.5675;
**************************************************************************
ZEFFIRO Interface 5.11 Log file: 15-Sep-2022 13:39:07
**************************************************************************
Path: /Users/pursiain/Documents/MATLAB/zef_firo/zeffiro_logger
**************************************************************************
**************************************************************************
ZEFFIRO Interface 5.11 Log file: 15-Sep-2022 13:39:09
**************************************************************************
Path: /Users/pursiain/Documents/MATLAB/zef_firo/zeffiro_logger
**************************************************************************
Task ID; 1; Progress; 0; Message; Loading fields.; Workspace size; 2; Task time; 0; CPU usage; 101; Total time; 738779.5689;
Task ID; 24; Progress; 24; Message; Loading fields: 345 / 1441.; Workspace size; 3; Task time; 5; CPU usage; 131; Total time; 738779.5689;
Task ID; 48; Progress; 49; Message; Loading fields: 705 / 1441.; Workspace size; 3; Task time; 10; CPU usage; 105; Total time; 738779.5689;
Task ID; 72; Progress; 74; Message; Loading fields: 1065 / 1441.; Workspace size; 4; Task time; 15; CPU usage; 103; Total time; 738779.5689;
Task ID; 93; Progress; 96; Message; Loading fields: 1380 / 1441.; Workspace size; 101; Task time; 21; CPU usage; 110; Total time; 738779.5689;
